2019-08-22 00:14:08.062  WARN 38725 --- [HikariPool-1 housekeeper] com.zaxxer.hikari.pool.HikariPool        : HikariPool-1 - Thread starvation or clock leap detected (housekeeper delta=30m34s910ms).
2019-08-22 00:49:14.901  WARN 38725 --- [HikariPool-1 housekeeper] com.zaxxer.hikari.pool.HikariPool        : HikariPool-1 - Thread starvation or clock leap detected (housekeeper delta=34m6s810ms).
2019-08-22 02:01:12.375  WARN 38725 --- [HikariPool-1 housekeeper] com.zaxxer.hikari.pool.HikariPool        : HikariPool-1 - Thread starvation or clock leap detected (housekeeper delta=37m26s995ms).
2019-08-22 02:38:15.225  WARN 38725 --- [HikariPool-1 housekeeper] com.zaxxer.hikari.pool.HikariPool        : HikariPool-1 - Thread starvation or clock leap detected (housekeeper delta=35m32s805ms).
2019-08-22 03:13:28.428  WARN 38725 --- [HikariPool-1 housekeeper] com.zaxxer.hikari.pool.HikariPool        : HikariPool-1 - Thread starvation or clock leap detected (housekeeper delta=34m13s176ms).
2019-08-22 03:13:58.099  WARN 38725 --- [HikariPool-1 housekeeper] com.zaxxer.hikari.pool.HikariPool        : HikariPool-1 - Retrograde clock change detected (housekeeper delta=29s671ms), soft-evicting connections from pool.
2019-08-22 03:52:21.438  WARN 38725 --- [HikariPool-1 housekeeper] com.zaxxer.hikari.pool.HikariPool        : HikariPool-1 - Thread starvation or clock leap detected (housekeeper delta=37m23s318ms).
2019-08-22 04:25:11.769  WARN 38725 --- [HikariPool-1 housekeeper] com.zaxxer.hikari.pool.HikariPool        : HikariPool-1 - Thread starvation or clock leap detected (housekeeper delta=31m20s299ms).
2019-08-22 04:59:35.366  WARN 38725 --- [HikariPool-1 housekeeper] com.zaxxer.hikari.pool.HikariPool        : HikariPool-1 - Thread starvation or clock leap detected (housekeeper delta=33m23s575ms).
2019-08-22 05:41:15.915  WARN 38725 --- [HikariPool-1 housekeeper] com.zaxxer.hikari.pool.HikariPool        : HikariPool-1 - Thread starvation or clock leap detected (housekeeper delta=40m10s514ms).
2019-08-22 06:19:07.234  WARN 38725 --- [HikariPool-1 housekeeper] com.zaxxer.hikari.pool.HikariPool        : HikariPool-1 - Thread starvation or clock leap detected (housekeeper delta=37m21s309ms).
2019-08-22 06:56:21.636  WARN 38725 --- [HikariPool-1 housekeeper] com.zaxxer.hikari.pool.HikariPool        : HikariPool-1 - Thread starvation or clock leap detected (housekeeper delta=36m44s393ms).
2019-08-22 07:29:17.839  WARN 38725 --- [HikariPool-1 housekeeper] com.zaxxer.hikari.pool.HikariPool        : HikariPool-1 - Thread starvation or clock leap detected (housekeeper delta=32m26s189ms).
2019-08-22 08:03:17.588  WARN 38725 --- [HikariPool-1 housekeeper] com.zaxxer.hikari.pool.HikariPool        : HikariPool-1 - Thread starvation or clock leap detected (housekeeper delta=33m29s741ms).
2019-08-22 08:42:38.251  WARN 38725 --- [HikariPool-1 housekeeper] com.zaxxer.hikari.pool.HikariPool        : HikariPool-1 - Thread starvation or clock leap detected (housekeeper delta=38m20s632ms).
2019-08-22 09:22:21.536  WARN 38725 --- [HikariPool-1 housekeeper] com.zaxxer.hikari.pool.HikariPool        : HikariPool-1 - Thread starvation or clock leap detected (housekeeper delta=39m13s269ms).
2019-08-22 09:56:03.745  WARN 38725 --- [HikariPool-1 housekeeper] com.zaxxer.hikari.pool.HikariPool        : HikariPool-1 - Thread starvation or clock leap detected (housekeeper delta=32m42s173ms).
2019-08-22 11:42:56.589  INFO 38725 --- [Thread-2] o.s.s.concurrent.ThreadPoolTaskExecutor  : Shutting down ExecutorService 'applicationTaskExecutor'
2019-08-22 11:42:56.594  INFO 38725 --- [Thread-2] j.LocalContainerEntityManagerFactoryBean : Closing JPA EntityManagerFactory for persistence unit 'default'
2019-08-22 11:42:56.598  INFO 38725 --- [Thread-2] .SchemaDropperImpl$DelayedDropActionImpl : HHH000477: Starting delayed evictData of schema as part of SessionFactory shut-down'
2019-08-22 11:42:56.631  INFO 38725 --- [Thread-2] com.zaxxer.hikari.HikariDataSource       : HikariPool-1 - Shutdown initiated...
2019-08-22 11:42:56.642  INFO 38725 --- [Thread-2] com.zaxxer.hikari.HikariDataSource       : HikariPool-1 - Shutdown completed.
2019-08-22 11:43:01.769  INFO 43160 --- [main] c.e.readinglist.ReadingListApplication   : Starting ReadingListApplication on localhost with PID 43160 (/Users/kmruan/Documents/JavaCode/readinglist/target/classes started by kmruan in /Users/kmruan/Documents/JavaCode/readinglist)
2019-08-22 11:43:01.786  INFO 43160 --- [main] c.e.readinglist.ReadingListApplication   : No active profile set, falling back to default profiles: default
2019-08-22 11:43:02.599  INFO 43160 --- [main] .s.d.r.c.RepositoryConfigurationDelegate : Bootstrapping Spring Data repositories in DEFAULT mode.
2019-08-22 11:43:02.646  INFO 43160 --- [main] .s.d.r.c.RepositoryConfigurationDelegate : Finished Spring Data repository scanning in 39ms. Found 2 repository interfaces.
2019-08-22 11:43:02.924  INFO 43160 --- [main] trationDelegate$BeanPostProcessorChecker : Bean 'org.springframework.transaction.annotation.ProxyTransactionManagementConfiguration' of type [org.springframework.transaction.annotation.ProxyTransactionManagementConfiguration$$EnhancerBySpringCGLIB$$35e7bb9] is not eligible for getting processed by all BeanPostProcessors (for example: not eligible for auto-proxying)
2019-08-22 11:43:03.161  INFO 43160 --- [main] o.s.b.w.embedded.tomcat.TomcatWebServer  : Tomcat initialized with port(s): 8000 (http)
2019-08-22 11:43:03.180  INFO 43160 --- [main] o.apache.catalina.core.StandardService   : Starting service [Tomcat]
2019-08-22 11:43:03.180  INFO 43160 --- [main] org.apache.catalina.core.StandardEngine  : Starting Servlet engine: [Apache Tomcat/9.0.22]
2019-08-22 11:43:03.257  INFO 43160 --- [main] o.a.c.c.C.[Tomcat].[localhost].[/]       : Initializing Spring embedded WebApplicationContext
2019-08-22 11:43:03.258  INFO 43160 --- [main] o.s.web.context.ContextLoader            : Root WebApplicationContext: initialization completed in 1418 ms
2019-08-22 11:43:03.375  INFO 43160 --- [main] com.zaxxer.hikari.HikariDataSource       : HikariPool-1 - Starting...
2019-08-22 11:43:03.487  INFO 43160 --- [main] com.zaxxer.hikari.HikariDataSource       : HikariPool-1 - Start completed.
2019-08-22 11:43:03.534  INFO 43160 --- [main] o.hibernate.jpa.internal.util.LogHelper  : HHH000204: Processing PersistenceUnitInfo [
	name: default
	...]
2019-08-22 11:43:03.589  INFO 43160 --- [main] org.hibernate.Version                    : HHH000412: Hibernate Core {5.3.10.Final}
2019-08-22 11:43:03.590  INFO 43160 --- [main] org.hibernate.cfg.Environment            : HHH000206: hibernate.properties not found
2019-08-22 11:43:03.727  INFO 43160 --- [main] o.hibernate.annotations.common.Version   : HCANN000001: Hibernate Commons Annotations {5.0.4.Final}
2019-08-22 11:43:03.830  INFO 43160 --- [main] org.hibernate.dialect.Dialect            : HHH000400: Using dialect: org.hibernate.dialect.H2Dialect
2019-08-22 11:43:04.288  INFO 43160 --- [main] o.h.t.schema.internal.SchemaCreatorImpl  : HHH000476: Executing import script 'org.hibernate.tool.schema.internal.exec.ScriptSourceInputNonExistentImpl@99c3cee'
2019-08-22 11:43:04.292  INFO 43160 --- [main] j.LocalContainerEntityManagerFactoryBean : Initialized JPA EntityManagerFactory for persistence unit 'default'
2019-08-22 11:43:04.768  INFO 43160 --- [main] o.s.s.concurrent.ThreadPoolTaskExecutor  : Initializing ExecutorService 'applicationTaskExecutor'
2019-08-22 11:43:04.806  WARN 43160 --- [main] aWebConfiguration$JpaWebMvcConfiguration : spring.jpa.open-in-view is enabled by default. Therefore, database queries may be performed during view rendering. Explicitly configure spring.jpa.open-in-view to disable this warning
2019-08-22 11:43:04.980  INFO 43160 --- [main] .s.s.UserDetailsServiceAutoConfiguration : 

Using generated security password: 05f6815e-3494-4f56-8cef-bca7d68050e2

2019-08-22 11:43:05.098  INFO 43160 --- [main] o.s.s.web.DefaultSecurityFilterChain     : Creating filter chain: any request, [org.springframework.security.web.context.request.async.WebAsyncManagerIntegrationFilter@438a2d3, org.springframework.security.web.context.SecurityContextPersistenceFilter@31a4db4f, org.springframework.security.web.header.HeaderWriterFilter@3ccefe1b, org.springframework.security.web.csrf.CsrfFilter@3e0e0ba7, org.springframework.security.web.authentication.logout.LogoutFilter@2626aa35, org.springframework.security.web.authentication.UsernamePasswordAuthenticationFilter@66abc325, org.springframework.security.web.authentication.ui.DefaultLoginPageGeneratingFilter@372f7bc, org.springframework.security.web.authentication.ui.DefaultLogoutPageGeneratingFilter@6fe9c048, org.springframework.security.web.authentication.www.BasicAuthenticationFilter@3c9971af, org.springframework.security.web.savedrequest.RequestCacheAwareFilter@7e63374b, org.springframework.security.web.servletapi.SecurityContextHolderAwareRequestFilter@1fec9d33, org.springframework.security.web.authentication.AnonymousAuthenticationFilter@54d46c8, org.springframework.security.web.session.SessionManagementFilter@51e0f2eb, org.springframework.security.web.access.ExceptionTranslationFilter@5810772a, org.springframework.security.web.access.intercept.FilterSecurityInterceptor@58ad0586]
2019-08-22 11:43:05.163  INFO 43160 --- [main] o.s.b.w.embedded.tomcat.TomcatWebServer  : Tomcat started on port(s): 8000 (http) with context path ''
2019-08-22 11:43:05.167  INFO 43160 --- [main] c.e.readinglist.ReadingListApplication   : Started ReadingListApplication in 3.729 seconds (JVM running for 4.422)
2019-08-22 11:43:13.671  INFO 43160 --- [http-nio-8000-exec-1] o.a.c.c.C.[Tomcat].[localhost].[/]       : Initializing Spring DispatcherServlet 'dispatcherServlet'
2019-08-22 11:43:13.671  INFO 43160 --- [http-nio-8000-exec-1] o.s.web.servlet.DispatcherServlet        : Initializing Servlet 'dispatcherServlet'
2019-08-22 11:43:13.680  INFO 43160 --- [http-nio-8000-exec-1] o.s.web.servlet.DispatcherServlet        : Completed initialization in 9 ms
2019-08-22 11:43:32.858  INFO 43160 --- [http-nio-8000-exec-7] o.h.h.i.QueryTranslatorFactoryInitiator  : HHH000397: Using ASTQueryTranslatorFactory
2019-08-22 11:47:02.903  INFO 43160 --- [Thread-2] o.s.s.concurrent.ThreadPoolTaskExecutor  : Shutting down ExecutorService 'applicationTaskExecutor'
2019-08-22 11:47:02.904  INFO 43160 --- [Thread-2] j.LocalContainerEntityManagerFactoryBean : Closing JPA EntityManagerFactory for persistence unit 'default'
2019-08-22 11:47:02.906  INFO 43160 --- [Thread-2] .SchemaDropperImpl$DelayedDropActionImpl : HHH000477: Starting delayed evictData of schema as part of SessionFactory shut-down'
2019-08-22 11:47:02.914  INFO 43160 --- [Thread-2] com.zaxxer.hikari.HikariDataSource       : HikariPool-1 - Shutdown initiated...
2019-08-22 11:47:02.921  INFO 43160 --- [Thread-2] com.zaxxer.hikari.HikariDataSource       : HikariPool-1 - Shutdown completed.
2019-08-22 11:47:05.870  INFO 43208 --- [main] c.e.readinglist.ReadingListApplication   : Starting ReadingListApplication on localhost with PID 43208 (/Users/kmruan/Documents/JavaCode/readinglist/target/classes started by kmruan in /Users/kmruan/Documents/JavaCode/readinglist)
2019-08-22 11:47:05.880  INFO 43208 --- [main] c.e.readinglist.ReadingListApplication   : No active profile set, falling back to default profiles: default
2019-08-22 11:47:06.724  INFO 43208 --- [main] .s.d.r.c.RepositoryConfigurationDelegate : Bootstrapping Spring Data repositories in DEFAULT mode.
2019-08-22 11:47:06.820  INFO 43208 --- [main] .s.d.r.c.RepositoryConfigurationDelegate : Finished Spring Data repository scanning in 86ms. Found 2 repository interfaces.
2019-08-22 11:47:07.239  INFO 43208 --- [main] trationDelegate$BeanPostProcessorChecker : Bean 'org.springframework.transaction.annotation.ProxyTransactionManagementConfiguration' of type [org.springframework.transaction.annotation.ProxyTransactionManagementConfiguration$$EnhancerBySpringCGLIB$$a82df495] is not eligible for getting processed by all BeanPostProcessors (for example: not eligible for auto-proxying)
2019-08-22 11:47:07.494  INFO 43208 --- [main] o.s.b.w.embedded.tomcat.TomcatWebServer  : Tomcat initialized with port(s): 8000 (http)
2019-08-22 11:47:07.517  INFO 43208 --- [main] o.apache.catalina.core.StandardService   : Starting service [Tomcat]
2019-08-22 11:47:07.517  INFO 43208 --- [main] org.apache.catalina.core.StandardEngine  : Starting Servlet engine: [Apache Tomcat/9.0.22]
2019-08-22 11:47:07.590  INFO 43208 --- [main] o.a.c.c.C.[Tomcat].[localhost].[/]       : Initializing Spring embedded WebApplicationContext
2019-08-22 11:47:07.590  INFO 43208 --- [main] o.s.web.context.ContextLoader            : Root WebApplicationContext: initialization completed in 1627 ms
2019-08-22 11:47:07.710  INFO 43208 --- [main] com.zaxxer.hikari.HikariDataSource       : HikariPool-1 - Starting...
2019-08-22 11:47:07.819  INFO 43208 --- [main] com.zaxxer.hikari.HikariDataSource       : HikariPool-1 - Start completed.
2019-08-22 11:47:07.867  INFO 43208 --- [main] o.hibernate.jpa.internal.util.LogHelper  : HHH000204: Processing PersistenceUnitInfo [
	name: default
	...]
2019-08-22 11:47:07.934  INFO 43208 --- [main] org.hibernate.Version                    : HHH000412: Hibernate Core {5.3.10.Final}
2019-08-22 11:47:07.935  INFO 43208 --- [main] org.hibernate.cfg.Environment            : HHH000206: hibernate.properties not found
2019-08-22 11:47:08.072  INFO 43208 --- [main] o.hibernate.annotations.common.Version   : HCANN000001: Hibernate Commons Annotations {5.0.4.Final}
2019-08-22 11:47:08.173  INFO 43208 --- [main] org.hibernate.dialect.Dialect            : HHH000400: Using dialect: org.hibernate.dialect.H2Dialect
2019-08-22 11:47:08.683  INFO 43208 --- [main] o.h.t.schema.internal.SchemaCreatorImpl  : HHH000476: Executing import script 'org.hibernate.tool.schema.internal.exec.ScriptSourceInputNonExistentImpl@70592729'
2019-08-22 11:47:08.686  INFO 43208 --- [main] j.LocalContainerEntityManagerFactoryBean : Initialized JPA EntityManagerFactory for persistence unit 'default'
2019-08-22 11:47:09.070  INFO 43208 --- [main] o.s.s.concurrent.ThreadPoolTaskExecutor  : Initializing ExecutorService 'applicationTaskExecutor'
2019-08-22 11:47:09.103  WARN 43208 --- [main] aWebConfiguration$JpaWebMvcConfiguration : spring.jpa.open-in-view is enabled by default. Therefore, database queries may be performed during view rendering. Explicitly configure spring.jpa.open-in-view to disable this warning
2019-08-22 11:47:09.275  INFO 43208 --- [main] .s.s.UserDetailsServiceAutoConfiguration : 

Using generated security password: d7eb6c55-26d8-4518-b99c-99f930c73373

2019-08-22 11:47:09.390  INFO 43208 --- [main] o.s.s.web.DefaultSecurityFilterChain     : Creating filter chain: any request, [org.springframework.security.web.context.request.async.WebAsyncManagerIntegrationFilter@526fc044, org.springframework.security.web.context.SecurityContextPersistenceFilter@3ec62141, org.springframework.security.web.header.HeaderWriterFilter@7bdf94f2, org.springframework.security.web.csrf.CsrfFilter@34b462e0, org.springframework.security.web.authentication.logout.LogoutFilter@626766fd, org.springframework.security.web.authentication.UsernamePasswordAuthenticationFilter@532ea86b, org.springframework.security.web.authentication.ui.DefaultLoginPageGeneratingFilter@2842ef02, org.springframework.security.web.authentication.ui.DefaultLogoutPageGeneratingFilter@45635ae1, org.springframework.security.web.authentication.www.BasicAuthenticationFilter@17fb5184, org.springframework.security.web.savedrequest.RequestCacheAwareFilter@7d43f1c9, org.springframework.security.web.servletapi.SecurityContextHolderAwareRequestFilter@31a4db4f, org.springframework.security.web.authentication.AnonymousAuthenticationFilter@7adbec34, org.springframework.security.web.session.SessionManagementFilter@4b9ed99d, org.springframework.security.web.access.ExceptionTranslationFilter@5feff876, org.springframework.security.web.access.intercept.FilterSecurityInterceptor@3d3a28b5]
2019-08-22 11:47:09.453  INFO 43208 --- [main] o.s.b.w.embedded.tomcat.TomcatWebServer  : Tomcat started on port(s): 8000 (http) with context path ''
2019-08-22 11:47:09.457  INFO 43208 --- [main] c.e.readinglist.ReadingListApplication   : Started ReadingListApplication in 3.919 seconds (JVM running for 4.664)
2019-08-22 11:47:18.161  INFO 43208 --- [http-nio-8000-exec-1] o.a.c.c.C.[Tomcat].[localhost].[/]       : Initializing Spring DispatcherServlet 'dispatcherServlet'
2019-08-22 11:47:18.161  INFO 43208 --- [http-nio-8000-exec-1] o.s.web.servlet.DispatcherServlet        : Initializing Servlet 'dispatcherServlet'
2019-08-22 11:47:18.170  INFO 43208 --- [http-nio-8000-exec-1] o.s.web.servlet.DispatcherServlet        : Completed initialization in 8 ms
2019-08-22 11:47:31.357  INFO 43208 --- [http-nio-8000-exec-10] o.h.h.i.QueryTranslatorFactoryInitiator  : HHH000397: Using ASTQueryTranslatorFactory
2019-08-22 14:05:40.920  WARN 43208 --- [HikariPool-1 housekeeper] com.zaxxer.hikari.pool.HikariPool        : HikariPool-1 - Thread starvation or clock leap detected (housekeeper delta=1m1s673ms).
2019-08-22 14:36:05.048  WARN 43208 --- [HikariPool-1 housekeeper] com.zaxxer.hikari.pool.HikariPool        : HikariPool-1 - Thread starvation or clock leap detected (housekeeper delta=52s643ms).
2019-08-22 15:21:30.277  WARN 43208 --- [HikariPool-1 housekeeper] com.zaxxer.hikari.pool.HikariPool        : HikariPool-1 - Thread starvation or clock leap detected (housekeeper delta=10m54s978ms).
2019-08-22 16:12:02.658  WARN 43208 --- [HikariPool-1 housekeeper] com.zaxxer.hikari.pool.HikariPool        : HikariPool-1 - Thread starvation or clock leap detected (housekeeper delta=10m2s72ms).
2019-08-22 18:03:14.690  WARN 43208 --- [HikariPool-1 housekeeper] com.zaxxer.hikari.pool.HikariPool        : HikariPool-1 - Thread starvation or clock leap detected (housekeeper delta=1m11s239ms).
2019-08-22 18:30:32.000  INFO 43208 --- [Thread-2] o.s.s.concurrent.ThreadPoolTaskExecutor  : Shutting down ExecutorService 'applicationTaskExecutor'
2019-08-22 18:30:32.012  INFO 43208 --- [Thread-2] j.LocalContainerEntityManagerFactoryBean : Closing JPA EntityManagerFactory for persistence unit 'default'
2019-08-22 18:30:32.056  INFO 43208 --- [Thread-2] .SchemaDropperImpl$DelayedDropActionImpl : HHH000477: Starting delayed evictData of schema as part of SessionFactory shut-down'
2019-08-22 18:30:32.249  INFO 43208 --- [Thread-2] com.zaxxer.hikari.HikariDataSource       : HikariPool-1 - Shutdown initiated...
2019-08-22 18:30:32.261  INFO 43208 --- [Thread-2] com.zaxxer.hikari.HikariDataSource       : HikariPool-1 - Shutdown completed.
